<?xml version="1.0" encoding="UTF-8"?>
<!-- Generated by org.testng.reporters.JUnitXMLReporter -->
<testsuite ignored="0" hostname="IB-Pune-LAP-356" failures="1" tests="1" name="Test" time="0.964" errors="0" timestamp="2023-07-31T10:40:41 IST">
  <testcase classname="Test.Person.HelloWorld" name="main" time="0.272">
    <failure type="java.lang.NullPointerException" message="Cannot invoke &amp;quot;Utility.Sparkreport.create_info(String)&amp;quot; because &amp;quot;Utility.LogResults.report&amp;quot; is null">
      <![CDATA[java.lang.NullPointerException: Cannot invoke "Utility.Sparkreport.create_info(String)" because "Utility.LogResults.report" is null
at Utility.LogResults.onTestSuccess(LogResults.java:28)
at java.base/java.util.ArrayList.forEach(ArrayList.java:1511)
... Removed 24 stack frames]]>
    </failure>
  </testcase> <!-- main -->
</testsuite> <!-- Test -->
