<?xml version="1.0" encoding="UTF-8"?>
<testng-results ignored="0" total="1" passed="1" failed="0" skipped="0">
  <reporter-output>
  </reporter-output>
  <suite started-at="2023-07-31T11:21:58 IST" name="Suite" finished-at="2023-07-31T11:22:55 IST" duration-ms="56939">
    <groups>
    </groups>
    <test started-at="2023-07-31T11:21:58 IST" name="Test" finished-at="2023-07-31T11:22:55 IST" duration-ms="56939">
      <class name="Test.Person.DatabaseTestCases">
        <test-method is-config="true" signature="launchBrowser()[pri:0, instance:Test.Person.DatabaseTestCases@29a69a35]" started-at="2023-07-31T11:21:58 IST" name="launchBrowser" finished-at="2023-07-31T11:22:08 IST" duration-ms="10585" status="PASS">
          <reporter-output>
          </reporter-output>
        </test-method> <!-- launchBrowser -->
        <test-method is-config="true" signature="extractDataExcleAndObjectOfClassCreations()[pri:0, instance:Test.Person.DatabaseTestCases@29a69a35]" started-at="2023-07-31T11:22:08 IST" name="extractDataExcleAndObjectOfClassCreations" finished-at="2023-07-31T11:22:14 IST" duration-ms="6148" status="PASS">
          <reporter-output>
          </reporter-output>
        </test-method> <!-- extractDataExcleAndObjectOfClassCreations -->
        <test-method is-config="true" signature="beforeMethod()[pri:0, instance:Test.Person.DatabaseTestCases@29a69a35]" started-at="2023-07-31T11:22:14 IST" name="beforeMethod" finished-at="2023-07-31T11:22:14 IST" duration-ms="1" status="PASS">
          <reporter-output>
          </reporter-output>
        </test-method> <!-- beforeMethod -->
        <test-method signature="databaseTesting()[pri:0, instance:Test.Person.DatabaseTestCases@29a69a35]" started-at="2023-07-31T11:22:15 IST" name="databaseTesting" finished-at="2023-07-31T11:22:53 IST" duration-ms="38390" status="PASS">
          <reporter-output>
          </reporter-output>
        </test-method> <!-- databaseTesting -->
        <test-method is-config="true" signature="closeWindow(org.testng.ITestResult)[pri:0, instance:Test.Person.DatabaseTestCases@29a69a35]" started-at="2023-07-31T11:22:53 IST" name="closeWindow" finished-at="2023-07-31T11:22:54 IST" duration-ms="994" status="PASS">
          <params>
            <param index="0">
              <value>
                <![CDATA[[TestResult name=databaseTesting status=SUCCESS method=DatabaseTestCases.databaseTesting()[pri:0, instance:Test.Person.DatabaseTestCases@29a69a35] output={null}]]]>
              </value>
            </param>
          </params>
          <reporter-output>
          </reporter-output>
        </test-method> <!-- closeWindow -->
        <test-method is-config="true" signature="logout()[pri:0, instance:Test.Person.DatabaseTestCases@29a69a35]" started-at="2023-07-31T11:22:54 IST" name="logout" finished-at="2023-07-31T11:22:54 IST" duration-ms="7" status="PASS">
          <reporter-output>
          </reporter-output>
        </test-method> <!-- logout -->
        <test-method is-config="true" signature="tearDown()[pri:0, instance:Test.Person.DatabaseTestCases@29a69a35]" started-at="2023-07-31T11:22:54 IST" name="tearDown" finished-at="2023-07-31T11:22:55 IST" duration-ms="311" status="PASS">
          <reporter-output>
          </reporter-output>
        </test-method> <!-- tearDown -->
      </class> <!-- Test.Person.DatabaseTestCases -->
    </test> <!-- Test -->
  </suite> <!-- Suite -->
</testng-results>
